<?xml version="1.0" encoding="UTF-8"?>
<!-- Generated by org.testng.reporters.JUnitReportReporter -->
<testsuite hostname="LAPTOP-KLSAOE38" failures="0" tests="1" name="classroomprograms.ValidationCommands" time="0.101" errors="0" timestamp="2020-07-18T01:11:36 IST" skipped="0">
  <testcase classname="classroomprograms.ValidationCommands" name="dd" time="0.101"/>
  <system-out/>
</testsuite> <!-- classroomprograms.ValidationCommands -->
