<?xml version="1.0" encoding="UTF-8"?>
<!-- Generated by org.testng.reporters.JUnitReportReporter -->
<testsuite hostname="LAPTOP-KLSAOE38" failures="0" tests="1" name="classroomprograms.MouseHover" time="13.780" errors="0" timestamp="2020-07-16T22:34:18 IST" skipped="0">
  <testcase classname="classroomprograms.MouseHover" name="actions" time="13.780"/>
  <system-out/>
</testsuite> <!-- classroomprograms.MouseHover -->
