<?xml version="1.0" encoding="UTF-8"?>
<!-- Generated by org.testng.reporters.JUnitReportReporter -->
<testsuite hostname="LAPTOP-KLSAOE38" failures="0" tests="1" name="classroomprograms.Alerts" time="3.092" errors="0" timestamp="2020-07-16T21:55:41 IST" skipped="0">
  <testcase classname="classroomprograms.Alerts" name="alerts" time="3.092"/>
  <system-out/>
</testsuite> <!-- classroomprograms.Alerts -->
