<?xml version="1.0" encoding="UTF-8"?>
<!-- Generated by org.testng.reporters.JUnitReportReporter -->
<testsuite hostname="LAPTOP-KLSAOE38" failures="0" tests="1" name="classroomprograms.DropdownGetOptions" time="0.100" errors="0" timestamp="2020-07-18T00:43:23 IST" skipped="0">
  <testcase classname="classroomprograms.DropdownGetOptions" name="spicejet" time="0.100"/>
  <system-out/>
</testsuite> <!-- classroomprograms.DropdownGetOptions -->
