<?xml version="1.0" encoding="UTF-8"?>
<!-- Generated by org.testng.reporters.JUnitReportReporter -->
<testsuite hostname="LAPTOP-KLSAOE38" failures="0" tests="3" name="classroomprograms.InformationMethods" time="0.077" errors="0" timestamp="2020-07-18T00:08:29 IST" skipped="0">
  <testcase classname="classroomprograms.InformationMethods" name="google" time="0.042"/>
  <system-out/>
  <testcase classname="classroomprograms.InformationMethods" name="googleimage" time="0.015"/>
  <system-out/>
  <testcase classname="classroomprograms.InformationMethods" name="google_image" time="0.020"/>
  <system-out/>
</testsuite> <!-- classroomprograms.InformationMethods -->
