<?xml version="1.0" encoding="UTF-8"?>
<!-- Generated by org.testng.reporters.JUnitReportReporter -->
<testsuite hostname="LAPTOP-KLSAOE38" failures="0" tests="1" name="classroomprograms.WindowHandles" time="23.595" errors="0" timestamp="2020-07-17T01:40:04 IST" skipped="0">
  <testcase classname="classroomprograms.WindowHandles" name="mousehover" time="23.595"/>
  <system-out/>
</testsuite> <!-- classroomprograms.WindowHandles -->
